SF:lib\features\jewelery\domain\entity\jewelery_entity.dart
DA:13,1
DA:23,0
DA:24,0
LF:3
LH:1
end_of_record
SF:lib\features\jewelery\domain\usecases\jewelery_usecase.dart
DA:8,0
DA:9,0
DA:13,0
DA:15,0
DA:16,0
LF:5
LH:0
end_of_record
SF:lib\features\jewelery\presentation\state\jewelery_state.dart
DA:10,1
DA:12,1
DA:13,2
DA:18,1
DA:25,1
DA:26,1
DA:27,0
DA:28,1
DA:29,1
DA:30,1
LF:10
LH:9
end_of_record
SF:lib\features\jewelery\presentation\viewmodel\jewelery_view_model.dart
DA:9,2
DA:10,1
DA:11,0
DA:15,3
DA:16,1
DA:20,0
DA:21,0
DA:22,0
DA:25,1
DA:26,3
DA:27,1
DA:28,2
DA:29,1
DA:30,1
DA:33,2
DA:34,1
DA:35,0
DA:36,0
DA:37,0
DA:38,1
DA:39,1
DA:40,0
DA:43,5
LF:23
LH:15
end_of_record
SF:lib\core\failure\failure.dart
DA:5,0
LF:1
LH:0
end_of_record
SF:lib\features\jewelery\domain\repository\jewelery_repository.dart
DA:8,0
DA:9,0
DA:11,0
LF:3
LH:0
end_of_record
SF:lib\app\constants\api_endpoint.dart
DA:5,0
LF:1
LH:0
end_of_record
SF:lib\app\navigator_key\navigator_key.dart
DA:4,0
DA:6,3
LF:2
LH:1
end_of_record
SF:lib\core\common\my_snackbar.dart
DA:6,1
DA:10,0
DA:12,2
DA:13,0
DA:14,0
DA:15,0
LF:6
LH:2
end_of_record
SF:lib\core\networking\remote\dio_error_interceptor.dart
DA:4,0
DA:6,0
DA:8,0
DA:9,0
DA:10,0
DA:11,0
DA:12,0
DA:13,0
DA:16,0
DA:17,0
DA:18,0
DA:20,0
DA:25,0
DA:26,0
DA:28,0
DA:31,0
LF:16
LH:0
end_of_record
SF:lib\core\networking\remote\http_service.dart
DA:7,0
DA:8,0
DA:14,0
DA:16,0
DA:17,0
DA:18,0
DA:19,0
DA:20,0
DA:21,0
DA:22,0
DA:24,0
LF:11
LH:0
end_of_record
SF:lib\features\jewelery\data\datasource\remote\jewelery_remote_datasouce.dart
DA:11,0
DA:12,0
DA:13,0
DA:14,0
DA:22,0
DA:27,0
DA:29,0
DA:34,0
DA:35,0
DA:36,0
DA:37,0
DA:43,0
DA:44,0
DA:45,0
DA:46,0
DA:50,0
DA:51,0
DA:52,0
DA:53,0
LF:19
LH:0
end_of_record
SF:lib\features\jewelery\data\model\jewelery_api_model.dart
DA:8,0
DA:9,0
DA:22,0
DA:32,0
DA:42,0
DA:43,0
DA:44,0
DA:45,0
DA:46,0
DA:47,0
DA:48,0
DA:49,0
DA:50,0
DA:56,0
DA:57,0
DA:58,0
DA:59,0
DA:60,0
DA:61,0
DA:62,0
DA:63,0
DA:64,0
DA:69,0
DA:70,0
DA:73,0
DA:74,0
DA:77,0
DA:78,0
DA:80,0
LF:29
LH:0
end_of_record
SF:lib\features\jewelery\data\repository\jewelery_remote_repository.dart
DA:9,0
DA:10,0
DA:11,0
DA:16,0
DA:19,0
DA:21,0
LF:6
LH:0
end_of_record
SF:lib\features\authentication\domain\entity\auth_entity.dart
DA:13,1
DA:23,0
DA:25,0
LF:3
LH:1
end_of_record
SF:lib\features\authentication\domain\usecases\auth_usecase.dart
DA:7,0
DA:8,0
DA:14,0
DA:20,0
DA:21,0
DA:24,0
DA:25,0
LF:7
LH:0
end_of_record
SF:lib\features\dashboard\navigator\dashboard_navigator.dart
DA:7,0
DA:8,0
LF:2
LH:0
end_of_record
SF:lib\features\authentication\presentation\navigator\register_navigator.dart
DA:7,0
DA:8,0
LF:2
LH:0
end_of_record
SF:lib\features\authentication\presentation\navigator\login_navigator.dart
DA:7,0
DA:15,0
DA:16,0
LF:3
LH:0
end_of_record
SF:lib\features\authentication\presentation\view_model\auth_view_model.dart
DA:13,3
DA:14,0
DA:15,0
DA:16,0
DA:21,3
DA:39,1
DA:40,3
DA:41,2
DA:42,1
DA:43,0
DA:44,0
DA:46,0
DA:48,0
DA:50,1
DA:51,3
DA:52,1
DA:57,1
DA:61,3
DA:62,2
DA:63,1
DA:64,0
DA:65,0
DA:66,0
DA:68,1
DA:69,3
DA:70,1
DA:76,0
DA:77,0
DA:80,1
DA:81,2
LF:30
LH:18
end_of_record
SF:lib\app\navigator\navigator.dart
DA:6,0
DA:9,0
DA:10,0
DA:11,0
DA:12,0
DA:17,0
DA:18,0
DA:19,0
DA:20,0
DA:25,0
DA:26,0
DA:27,0
LF:12
LH:0
end_of_record
SF:lib\core\shared_prefs\auth_shared_prefs.dart
DA:5,0
DA:6,0
DA:11,0
DA:13,0
DA:14,0
DA:15,0
DA:17,0
DA:21,0
DA:23,0
DA:24,0
DA:25,0
DA:27,0
DA:31,0
DA:33,0
DA:34,0
DA:35,0
DA:37,0
LF:17
LH:0
end_of_record
SF:lib\core\utils\asset_provider.dart
DA:5,1
DA:7,0
DA:8,0
DA:9,0
DA:13,1
DA:15,0
DA:16,0
DA:17,0
DA:18,0
DA:19,0
DA:20,0
DA:21,0
DA:22,0
DA:23,0
DA:24,0
DA:25,0
DA:26,0
DA:27,0
DA:28,0
DA:29,0
DA:30,0
DA:31,0
DA:35,0
LF:23
LH:2
end_of_record
SF:lib\core\utils\util.dart
DA:3,0
DA:4,0
DA:6,0
DA:7,0
DA:9,0
DA:10,0
DA:12,0
DA:13,0
DA:14,0
DA:15,0
DA:17,0
DA:18,0
DA:19,0
DA:20,0
DA:21,0
DA:22,0
DA:23,0
DA:24,0
DA:25,0
DA:26,0
DA:27,0
DA:28,0
DA:30,0
LF:23
LH:0
end_of_record
SF:lib\features\authentication\data\data_source\remote\auth_remote_datasource.dart
DA:12,0
DA:13,0
DA:14,0
DA:15,0
DA:22,0
DA:23,0
DA:25,0
DA:27,0
DA:28,0
DA:29,0
DA:31,0
DA:32,0
DA:33,0
DA:36,0
DA:39,0
DA:40,0
DA:41,0
DA:42,0
DA:46,0
DA:47,0
DA:48,0
DA:49,0
DA:50,0
DA:89,0
DA:94,0
DA:96,0
DA:101,0
DA:104,0
DA:105,0
DA:108,0
DA:109,0
DA:110,0
DA:111,0
DA:115,0
DA:116,0
DA:117,0
DA:118,0
DA:119,0
LF:38
LH:0
end_of_record
SF:lib\features\authentication\data\repository\auth_remote_repository.dart
DA:8,0
DA:9,0
DA:10,0
DA:17,0
DA:19,0
DA:21,0
DA:24,0
DA:26,0
LF:8
LH:0
end_of_record
SF:lib\features\authentication\domain\repository\auth_repository.dart
DA:7,0
DA:8,0
LF:2
LH:0
end_of_record
SF:lib\features\authentication\presentation\view\login_view.dart
DA:14,2
DA:16,0
DA:17,0
DA:26,0
DA:28,0
DA:29,0
DA:30,0
DA:37,0
DA:39,0
DA:40,0
DA:41,0
DA:43,0
DA:44,0
DA:45,0
DA:46,0
DA:47,0
DA:49,0
DA:50,0
DA:52,0
DA:53,0
DA:54,0
DA:75,0
DA:76,0
DA:77,0
DA:78,0
DA:80,0
DA:82,0
DA:88,0
DA:89,0
DA:90,0
DA:94,0
DA:95,0
DA:98,0
DA:99,0
DA:102,0
DA:108,0
DA:114,0
DA:115,0
DA:116,0
DA:120,0
DA:121,0
DA:123,0
DA:124,0
DA:125,0
DA:129,0
DA:130,0
DA:131,0
DA:136,0
DA:137,0
DA:138,0
DA:148,0
DA:149,0
DA:150,0
DA:152,0
DA:154,0
DA:155,0
DA:156,0
DA:157,0
DA:159,0
DA:160,0
DA:174,0
DA:175,0
DA:176,0
DA:177,0
DA:178,0
DA:180,0
DA:181,0
DA:182,0
DA:184,0
DA:185,0
DA:195,0
DA:196,0
DA:197,0
DA:198,0
DA:199,0
DA:200,0
DA:201,0
DA:208,0
DA:209,0
DA:210,0
DA:212,0
DA:219,0
DA:220,0
DA:221,0
DA:222,0
DA:224,0
DA:225,0
LF:87
LH:1
end_of_record
SF:lib\features\authentication\presentation\view\register_view.dart
DA:12,2
DA:14,0
DA:15,0
DA:28,0
DA:30,0
DA:32,0
DA:33,0
DA:34,0
DA:35,0
DA:36,0
DA:38,0
DA:39,0
DA:40,0
DA:41,0
DA:65,0
DA:66,0
DA:67,0
DA:68,0
DA:70,0
DA:78,0
DA:79,0
DA:80,0
DA:84,0
DA:85,0
DA:87,0
DA:88,0
DA:94,0
DA:99,0
DA:100,0
DA:101,0
DA:105,0
DA:106,0
DA:108,0
DA:109,0
DA:115,0
DA:123,0
DA:124,0
DA:125,0
DA:129,0
DA:130,0
DA:132,0
DA:133,0
DA:136,0
DA:142,0
DA:147,0
DA:148,0
DA:149,0
DA:153,0
DA:154,0
DA:155,0
DA:156,0
DA:159,0
DA:160,0
DA:161,0
DA:166,0
DA:167,0
DA:168,0
DA:174,0
DA:179,0
DA:180,0
DA:181,0
DA:185,0
DA:186,0
DA:187,0
DA:188,0
DA:191,0
DA:192,0
DA:193,0
DA:198,0
DA:199,0
DA:200,0
DA:203,0
DA:209,0
DA:210,0
DA:211,0
DA:212,0
DA:213,0
DA:214,0
DA:216,0
DA:217,0
DA:229,0
DA:230,0
DA:232,0
DA:233,0
DA:234,0
DA:235,0
DA:236,0
DA:237,0
DA:241,0
DA:254,0
DA:255,0
DA:256,0
DA:258,0
DA:269,0
DA:270,0
DA:271,0
DA:272,0
DA:274,0
LF:98
LH:1
end_of_record
SF:lib\features\authentication\presentation\state\auth_state.dart
DA:6,1
DA:12,1
DA:13,1
DA:20,1
DA:25,1
DA:26,0
DA:27,1
DA:28,1
DA:32,0
DA:33,0
LF:10
LH:7
end_of_record
SF:lib\screen\forget_password.dart
DA:7,1
DA:9,0
DA:10,0
DA:14,0
DA:16,0
DA:18,0
DA:19,0
DA:21,0
DA:22,0
DA:27,0
DA:28,0
DA:29,0
DA:30,0
DA:31,0
DA:49,0
DA:50,0
DA:51,0
DA:52,0
DA:54,0
DA:55,0
DA:56,0
DA:60,0
DA:61,0
DA:66,0
DA:67,0
DA:68,0
DA:69,0
DA:70,0
DA:71,0
DA:73,0
DA:74,0
DA:75,0
LF:32
LH:1
end_of_record
SF:lib\features\dashboard\view\dashboard_view.dart
DA:11,1
DA:13,0
DA:14,0
DA:20,0
DA:22,0
DA:23,0
DA:25,0
DA:27,0
DA:29,0
DA:30,0
DA:31,0
DA:33,0
DA:34,0
DA:40,0
DA:41,0
DA:43,0
DA:47,0
DA:48,0
DA:51,0
DA:52,0
DA:53,0
DA:54,0
DA:63,0
DA:65,0
DA:67,0
DA:68,0
DA:74,0
DA:80,0
DA:85,0
DA:87,0
DA:88,0
DA:97,0
DA:98,0
DA:99,0
DA:100,0
DA:101,0
DA:102,0
DA:103,0
DA:104,0
DA:105,0
DA:109,0
DA:111,0
DA:119,0
DA:120,0
LF:44
LH:1
end_of_record
